2004.01.22 22:47 A D:\VSS-Working Folder\Akron Bugle\Version 1.1\Development\includes\ADOdb\drivers\adodb-access.inc.php <-- PressPointe.com /var/www/html/bugle/includes/ADOdb/drivers adodb-access.inc.php
2004.01.22 22:47 A D:\VSS-Working Folder\Akron Bugle\Version 1.1\Development\includes\ADOdb\drivers\adodb-ado.inc.php <-- PressPointe.com /var/www/html/bugle/includes/ADOdb/drivers adodb-ado.inc.php
2004.01.22 22:47 A D:\VSS-Working Folder\Akron Bugle\Version 1.1\Development\includes\ADOdb\drivers\adodb-ado_access.inc.php <-- PressPointe.com /var/www/html/bugle/includes/ADOdb/drivers adodb-ado_access.inc.php
2004.01.22 22:47 A D:\VSS-Working Folder\Akron Bugle\Version 1.1\Development\includes\ADOdb\drivers\adodb-ado_mssql.inc.php <-- PressPointe.com /var/www/html/bugle/includes/ADOdb/drivers adodb-ado_mssql.inc.php
2004.01.22 22:47 A D:\VSS-Working Folder\Akron Bugle\Version 1.1\Development\includes\ADOdb\drivers\adodb-borland_ibase.inc.php <-- PressPointe.com /var/www/html/bugle/includes/ADOdb/drivers adodb-borland_ibase.inc.php
2004.01.22 22:47 A D:\VSS-Working Folder\Akron Bugle\Version 1.1\Development\includes\ADOdb\drivers\adodb-csv.inc.php <-- PressPointe.com /var/www/html/bugle/includes/ADOdb/drivers adodb-csv.inc.php
2004.01.22 22:47 A D:\VSS-Working Folder\Akron Bugle\Version 1.1\Development\includes\ADOdb\drivers\adodb-db2.inc.php <-- PressPointe.com /var/www/html/bugle/includes/ADOdb/drivers adodb-db2.inc.php
2004.01.22 22:47 A D:\VSS-Working Folder\Akron Bugle\Version 1.1\Development\includes\ADOdb\drivers\adodb-fbsql.inc.php <-- PressPointe.com /var/www/html/bugle/includes/ADOdb/drivers adodb-fbsql.inc.php
2004.01.22 22:47 A D:\VSS-Working Folder\Akron Bugle\Version 1.1\Development\includes\ADOdb\drivers\adodb-firebird.inc.php <-- PressPointe.com /var/www/html/bugle/includes/ADOdb/drivers adodb-firebird.inc.php
2004.01.22 22:47 A D:\VSS-Working Folder\Akron Bugle\Version 1.1\Development\includes\ADOdb\drivers\adodb-ibase.inc.php <-- PressPointe.com /var/www/html/bugle/includes/ADOdb/drivers adodb-ibase.inc.php
2004.01.22 22:47 A D:\VSS-Working Folder\Akron Bugle\Version 1.1\Development\includes\ADOdb\drivers\adodb-informix.inc.php <-- PressPointe.com /var/www/html/bugle/includes/ADOdb/drivers adodb-informix.inc.php
2004.01.22 22:47 A D:\VSS-Working Folder\Akron Bugle\Version 1.1\Development\includes\ADOdb\drivers\adodb-informix72.inc.php <-- PressPointe.com /var/www/html/bugle/includes/ADOdb/drivers adodb-informix72.inc.php
2004.01.22 22:47 A D:\VSS-Working Folder\Akron Bugle\Version 1.1\Development\includes\ADOdb\drivers\adodb-mssql.inc.php <-- PressPointe.com /var/www/html/bugle/includes/ADOdb/drivers adodb-mssql.inc.php
2004.01.22 22:47 A D:\VSS-Working Folder\Akron Bugle\Version 1.1\Development\includes\ADOdb\drivers\adodb-mssqlpo.inc.php <-- PressPointe.com /var/www/html/bugle/includes/ADOdb/drivers adodb-mssqlpo.inc.php
2004.01.22 22:47 A D:\VSS-Working Folder\Akron Bugle\Version 1.1\Development\includes\ADOdb\drivers\adodb-mysql.inc.php <-- PressPointe.com /var/www/html/bugle/includes/ADOdb/drivers adodb-mysql.inc.php
2004.01.22 22:47 A D:\VSS-Working Folder\Akron Bugle\Version 1.1\Development\includes\ADOdb\drivers\adodb-mysqlt.inc.php <-- PressPointe.com /var/www/html/bugle/includes/ADOdb/drivers adodb-mysqlt.inc.php
2004.01.22 22:47 A D:\VSS-Working Folder\Akron Bugle\Version 1.1\Development\includes\ADOdb\drivers\adodb-oci8.inc.php <-- PressPointe.com /var/www/html/bugle/includes/ADOdb/drivers adodb-oci8.inc.php
2004.01.22 22:47 A D:\VSS-Working Folder\Akron Bugle\Version 1.1\Development\includes\ADOdb\drivers\adodb-oci805.inc.php <-- PressPointe.com /var/www/html/bugle/includes/ADOdb/drivers adodb-oci805.inc.php
2004.01.22 22:47 A D:\VSS-Working Folder\Akron Bugle\Version 1.1\Development\includes\ADOdb\drivers\adodb-oci8po.inc.php <-- PressPointe.com /var/www/html/bugle/includes/ADOdb/drivers adodb-oci8po.inc.php
2004.01.22 22:47 A D:\VSS-Working Folder\Akron Bugle\Version 1.1\Development\includes\ADOdb\drivers\adodb-odbc.inc.php <-- PressPointe.com /var/www/html/bugle/includes/ADOdb/drivers adodb-odbc.inc.php
2004.01.22 22:47 A D:\VSS-Working Folder\Akron Bugle\Version 1.1\Development\includes\ADOdb\drivers\adodb-odbc_mssql.inc.php <-- PressPointe.com /var/www/html/bugle/includes/ADOdb/drivers adodb-odbc_mssql.inc.php
2004.01.22 22:47 A D:\VSS-Working Folder\Akron Bugle\Version 1.1\Development\includes\ADOdb\drivers\adodb-odbc_oracle.inc.php <-- PressPointe.com /var/www/html/bugle/includes/ADOdb/drivers adodb-odbc_oracle.inc.php
2004.01.22 22:47 A D:\VSS-Working Folder\Akron Bugle\Version 1.1\Development\includes\ADOdb\drivers\adodb-oracle.inc.php <-- PressPointe.com /var/www/html/bugle/includes/ADOdb/drivers adodb-oracle.inc.php
2004.01.22 22:47 A D:\VSS-Working Folder\Akron Bugle\Version 1.1\Development\includes\ADOdb\drivers\adodb-postgres.inc.php <-- PressPointe.com /var/www/html/bugle/includes/ADOdb/drivers adodb-postgres.inc.php
2004.01.22 22:47 A D:\VSS-Working Folder\Akron Bugle\Version 1.1\Development\includes\ADOdb\drivers\adodb-postgres64.inc.php <-- PressPointe.com /var/www/html/bugle/includes/ADOdb/drivers adodb-postgres64.inc.php
2004.01.22 22:47 A D:\VSS-Working Folder\Akron Bugle\Version 1.1\Development\includes\ADOdb\drivers\adodb-postgres7.inc.php <-- PressPointe.com /var/www/html/bugle/includes/ADOdb/drivers adodb-postgres7.inc.php
2004.01.22 22:47 A D:\VSS-Working Folder\Akron Bugle\Version 1.1\Development\includes\ADOdb\drivers\adodb-proxy.inc.php <-- PressPointe.com /var/www/html/bugle/includes/ADOdb/drivers adodb-proxy.inc.php
2004.01.22 22:47 A D:\VSS-Working Folder\Akron Bugle\Version 1.1\Development\includes\ADOdb\drivers\adodb-sapdb.inc.php <-- PressPointe.com /var/www/html/bugle/includes/ADOdb/drivers adodb-sapdb.inc.php
2004.01.22 22:47 A D:\VSS-Working Folder\Akron Bugle\Version 1.1\Development\includes\ADOdb\drivers\adodb-sqlanywhere.inc.php <-- PressPointe.com /var/www/html/bugle/includes/ADOdb/drivers adodb-sqlanywhere.inc.php
2004.01.22 22:47 A D:\VSS-Working Folder\Akron Bugle\Version 1.1\Development\includes\ADOdb\drivers\adodb-sqlite.inc.php <-- PressPointe.com /var/www/html/bugle/includes/ADOdb/drivers adodb-sqlite.inc.php
2004.01.22 22:47 A D:\VSS-Working Folder\Akron Bugle\Version 1.1\Development\includes\ADOdb\drivers\adodb-sybase.inc.php <-- PressPointe.com /var/www/html/bugle/includes/ADOdb/drivers adodb-sybase.inc.php
2004.01.22 22:47 A D:\VSS-Working Folder\Akron Bugle\Version 1.1\Development\includes\ADOdb\drivers\adodb-vfp.inc.php <-- PressPointe.com /var/www/html/bugle/includes/ADOdb/drivers adodb-vfp.inc.php
