2004.01.22 22:50 A D:\VSS-Working Folder\Akron Bugle\Version 1.1\Development\includes\SmartyTemplate\libs\core\core.assemble_auto_filename.php <-- PressPointe.com /var/www/html/bugle/includes/SmartyTemplate/libs/core core.assemble_auto_filename.php
2004.01.22 22:50 A D:\VSS-Working Folder\Akron Bugle\Version 1.1\Development\includes\SmartyTemplate\libs\core\core.assemble_plugin_filepath.php <-- PressPointe.com /var/www/html/bugle/includes/SmartyTemplate/libs/core core.assemble_plugin_filepath.php
2004.01.22 22:50 A D:\VSS-Working Folder\Akron Bugle\Version 1.1\Development\includes\SmartyTemplate\libs\core\core.assign_smarty_interface.php <-- PressPointe.com /var/www/html/bugle/includes/SmartyTemplate/libs/core core.assign_smarty_interface.php
2004.01.22 22:50 A D:\VSS-Working Folder\Akron Bugle\Version 1.1\Development\includes\SmartyTemplate\libs\core\core.create_dir_structure.php <-- PressPointe.com /var/www/html/bugle/includes/SmartyTemplate/libs/core core.create_dir_structure.php
2004.01.22 22:50 A D:\VSS-Working Folder\Akron Bugle\Version 1.1\Development\includes\SmartyTemplate\libs\core\core.display_debug_console.php <-- PressPointe.com /var/www/html/bugle/includes/SmartyTemplate/libs/core core.display_debug_console.php
2004.01.22 22:50 A D:\VSS-Working Folder\Akron Bugle\Version 1.1\Development\includes\SmartyTemplate\libs\core\core.get_include_path.php <-- PressPointe.com /var/www/html/bugle/includes/SmartyTemplate/libs/core core.get_include_path.php
2004.01.22 22:50 A D:\VSS-Working Folder\Akron Bugle\Version 1.1\Development\includes\SmartyTemplate\libs\core\core.get_microtime.php <-- PressPointe.com /var/www/html/bugle/includes/SmartyTemplate/libs/core core.get_microtime.php
2004.01.22 22:50 A D:\VSS-Working Folder\Akron Bugle\Version 1.1\Development\includes\SmartyTemplate\libs\core\core.get_php_resource.php <-- PressPointe.com /var/www/html/bugle/includes/SmartyTemplate/libs/core core.get_php_resource.php
2004.01.22 22:50 A D:\VSS-Working Folder\Akron Bugle\Version 1.1\Development\includes\SmartyTemplate\libs\core\core.is_secure.php <-- PressPointe.com /var/www/html/bugle/includes/SmartyTemplate/libs/core core.is_secure.php
2004.01.22 22:50 A D:\VSS-Working Folder\Akron Bugle\Version 1.1\Development\includes\SmartyTemplate\libs\core\core.is_trusted.php <-- PressPointe.com /var/www/html/bugle/includes/SmartyTemplate/libs/core core.is_trusted.php
2004.01.22 22:50 A D:\VSS-Working Folder\Akron Bugle\Version 1.1\Development\includes\SmartyTemplate\libs\core\core.load_plugins.php <-- PressPointe.com /var/www/html/bugle/includes/SmartyTemplate/libs/core core.load_plugins.php
2004.01.22 22:51 A D:\VSS-Working Folder\Akron Bugle\Version 1.1\Development\includes\SmartyTemplate\libs\core\core.load_resource_plugin.php <-- PressPointe.com /var/www/html/bugle/includes/SmartyTemplate/libs/core core.load_resource_plugin.php
2004.01.22 22:51 A D:\VSS-Working Folder\Akron Bugle\Version 1.1\Development\includes\SmartyTemplate\libs\core\core.process_cached_inserts.php <-- PressPointe.com /var/www/html/bugle/includes/SmartyTemplate/libs/core core.process_cached_inserts.php
2004.01.22 22:51 A D:\VSS-Working Folder\Akron Bugle\Version 1.1\Development\includes\SmartyTemplate\libs\core\core.process_compiled_include.php <-- PressPointe.com /var/www/html/bugle/includes/SmartyTemplate/libs/core core.process_compiled_include.php
2004.01.22 22:51 A D:\VSS-Working Folder\Akron Bugle\Version 1.1\Development\includes\SmartyTemplate\libs\core\core.read_cache_file.php <-- PressPointe.com /var/www/html/bugle/includes/SmartyTemplate/libs/core core.read_cache_file.php
2004.01.22 22:51 A D:\VSS-Working Folder\Akron Bugle\Version 1.1\Development\includes\SmartyTemplate\libs\core\core.rm_auto.php <-- PressPointe.com /var/www/html/bugle/includes/SmartyTemplate/libs/core core.rm_auto.php
2004.01.22 22:51 A D:\VSS-Working Folder\Akron Bugle\Version 1.1\Development\includes\SmartyTemplate\libs\core\core.rmdir.php <-- PressPointe.com /var/www/html/bugle/includes/SmartyTemplate/libs/core core.rmdir.php
2004.01.22 22:51 A D:\VSS-Working Folder\Akron Bugle\Version 1.1\Development\includes\SmartyTemplate\libs\core\core.run_insert_handler.php <-- PressPointe.com /var/www/html/bugle/includes/SmartyTemplate/libs/core core.run_insert_handler.php
2004.01.22 22:51 A D:\VSS-Working Folder\Akron Bugle\Version 1.1\Development\includes\SmartyTemplate\libs\core\core.smarty_include_php.php <-- PressPointe.com /var/www/html/bugle/includes/SmartyTemplate/libs/core core.smarty_include_php.php
2004.01.22 22:51 A D:\VSS-Working Folder\Akron Bugle\Version 1.1\Development\includes\SmartyTemplate\libs\core\core.write_cache_file.php <-- PressPointe.com /var/www/html/bugle/includes/SmartyTemplate/libs/core core.write_cache_file.php
2004.01.22 22:51 A D:\VSS-Working Folder\Akron Bugle\Version 1.1\Development\includes\SmartyTemplate\libs\core\core.write_cache_paths_file.php <-- PressPointe.com /var/www/html/bugle/includes/SmartyTemplate/libs/core core.write_cache_paths_file.php
2004.01.22 22:51 A D:\VSS-Working Folder\Akron Bugle\Version 1.1\Development\includes\SmartyTemplate\libs\core\core.write_compiled_include.php <-- PressPointe.com /var/www/html/bugle/includes/SmartyTemplate/libs/core core.write_compiled_include.php
2004.01.22 22:51 A D:\VSS-Working Folder\Akron Bugle\Version 1.1\Development\includes\SmartyTemplate\libs\core\core.write_compiled_resource.php <-- PressPointe.com /var/www/html/bugle/includes/SmartyTemplate/libs/core core.write_compiled_resource.php
2004.01.22 22:51 A D:\VSS-Working Folder\Akron Bugle\Version 1.1\Development\includes\SmartyTemplate\libs\core\core.write_file.php <-- PressPointe.com /var/www/html/bugle/includes/SmartyTemplate/libs/core core.write_file.php
