2004.01.22 22:46 A D:\VSS-Working Folder\Akron Bugle\Version 1.1\Development\includes\ADOdb\adodb-cryptsession.php <-- PressPointe.com /var/www/html/bugle/includes/ADOdb adodb-cryptsession.php
2004.01.22 22:46 A D:\VSS-Working Folder\Akron Bugle\Version 1.1\Development\includes\ADOdb\adodb-csvlib.inc.php <-- PressPointe.com /var/www/html/bugle/includes/ADOdb adodb-csvlib.inc.php
2004.01.22 22:46 A D:\VSS-Working Folder\Akron Bugle\Version 1.1\Development\includes\ADOdb\adodb-datadict.inc.php <-- PressPointe.com /var/www/html/bugle/includes/ADOdb adodb-datadict.inc.php
2004.01.22 22:46 A D:\VSS-Working Folder\Akron Bugle\Version 1.1\Development\includes\ADOdb\adodb-error.inc.php <-- PressPointe.com /var/www/html/bugle/includes/ADOdb adodb-error.inc.php
2004.01.22 22:46 A D:\VSS-Working Folder\Akron Bugle\Version 1.1\Development\includes\ADOdb\adodb-errorhandler.inc.php <-- PressPointe.com /var/www/html/bugle/includes/ADOdb adodb-errorhandler.inc.php
2004.01.22 22:46 A D:\VSS-Working Folder\Akron Bugle\Version 1.1\Development\includes\ADOdb\adodb-errorpear.inc.php <-- PressPointe.com /var/www/html/bugle/includes/ADOdb adodb-errorpear.inc.php
2004.01.22 22:46 A D:\VSS-Working Folder\Akron Bugle\Version 1.1\Development\includes\ADOdb\adodb-lib.inc.php <-- PressPointe.com /var/www/html/bugle/includes/ADOdb adodb-lib.inc.php
2004.01.22 22:46 A D:\VSS-Working Folder\Akron Bugle\Version 1.1\Development\includes\ADOdb\adodb-pager.inc.php <-- PressPointe.com /var/www/html/bugle/includes/ADOdb adodb-pager.inc.php
2004.01.22 22:46 A D:\VSS-Working Folder\Akron Bugle\Version 1.1\Development\includes\ADOdb\adodb-pear.inc.php <-- PressPointe.com /var/www/html/bugle/includes/ADOdb adodb-pear.inc.php
2004.01.22 22:46 A D:\VSS-Working Folder\Akron Bugle\Version 1.1\Development\includes\ADOdb\adodb-session-clob.php <-- PressPointe.com /var/www/html/bugle/includes/ADOdb adodb-session-clob.php
2004.01.22 22:46 A D:\VSS-Working Folder\Akron Bugle\Version 1.1\Development\includes\ADOdb\adodb-session.php <-- PressPointe.com /var/www/html/bugle/includes/ADOdb adodb-session.php
2004.01.22 22:46 A D:\VSS-Working Folder\Akron Bugle\Version 1.1\Development\includes\ADOdb\adodb-time.inc.php <-- PressPointe.com /var/www/html/bugle/includes/ADOdb adodb-time.inc.php
2004.01.22 22:46 A D:\VSS-Working Folder\Akron Bugle\Version 1.1\Development\includes\ADOdb\adodb-xmlschema.inc.php <-- PressPointe.com /var/www/html/bugle/includes/ADOdb adodb-xmlschema.inc.php
2004.01.22 22:46 A D:\VSS-Working Folder\Akron Bugle\Version 1.1\Development\includes\ADOdb\adodb-xmlschema.zip <-- PressPointe.com /var/www/html/bugle/includes/ADOdb adodb-xmlschema.zip
2004.01.22 22:46 A D:\VSS-Working Folder\Akron Bugle\Version 1.1\Development\includes\ADOdb\adodb.inc.php <-- PressPointe.com /var/www/html/bugle/includes/ADOdb adodb.inc.php
2004.01.22 22:46 A D:\VSS-Working Folder\Akron Bugle\Version 1.1\Development\includes\ADOdb\crypt.inc.php <-- PressPointe.com /var/www/html/bugle/includes/ADOdb crypt.inc.php
2004.01.22 22:46 A D:\VSS-Working Folder\Akron Bugle\Version 1.1\Development\includes\ADOdb\docs-adodb.htm <-- PressPointe.com /var/www/html/bugle/includes/ADOdb docs-adodb.htm
2004.01.22 22:46 A D:\VSS-Working Folder\Akron Bugle\Version 1.1\Development\includes\ADOdb\docs-datadict.htm <-- PressPointe.com /var/www/html/bugle/includes/ADOdb docs-datadict.htm
2004.01.22 22:46 A D:\VSS-Working Folder\Akron Bugle\Version 1.1\Development\includes\ADOdb\docs-session.htm <-- PressPointe.com /var/www/html/bugle/includes/ADOdb docs-session.htm
2004.01.22 22:46 A D:\VSS-Working Folder\Akron Bugle\Version 1.1\Development\includes\ADOdb\LICENSE.TXT <-- PressPointe.com /var/www/html/bugle/includes/ADOdb LICENSE.TXT
2004.01.22 22:46 A D:\VSS-Working Folder\Akron Bugle\Version 1.1\Development\includes\ADOdb\old-changelog.htm <-- PressPointe.com /var/www/html/bugle/includes/ADOdb old-changelog.htm
2004.01.22 22:46 A D:\VSS-Working Folder\Akron Bugle\Version 1.1\Development\includes\ADOdb\pivottable.inc.php <-- PressPointe.com /var/www/html/bugle/includes/ADOdb pivottable.inc.php
2004.01.22 22:46 A D:\VSS-Working Folder\Akron Bugle\Version 1.1\Development\includes\ADOdb\README.HTM <-- PressPointe.com /var/www/html/bugle/includes/ADOdb README.HTM
2004.01.22 22:46 A D:\VSS-Working Folder\Akron Bugle\Version 1.1\Development\includes\ADOdb\README.TXT <-- PressPointe.com /var/www/html/bugle/includes/ADOdb README.TXT
2004.01.22 22:46 A D:\VSS-Working Folder\Akron Bugle\Version 1.1\Development\includes\ADOdb\rsfilter.inc.php <-- PressPointe.com /var/www/html/bugle/includes/ADOdb rsfilter.inc.php
2004.01.22 22:46 A D:\VSS-Working Folder\Akron Bugle\Version 1.1\Development\includes\ADOdb\SERVER.PHP <-- PressPointe.com /var/www/html/bugle/includes/ADOdb SERVER.PHP
2004.01.22 22:46 A D:\VSS-Working Folder\Akron Bugle\Version 1.1\Development\includes\ADOdb\tips_portable_sql.htm <-- PressPointe.com /var/www/html/bugle/includes/ADOdb tips_portable_sql.htm
2004.01.22 22:46 A D:\VSS-Working Folder\Akron Bugle\Version 1.1\Development\includes\ADOdb\toexport.inc.php <-- PressPointe.com /var/www/html/bugle/includes/ADOdb toexport.inc.php
2004.01.22 22:46 A D:\VSS-Working Folder\Akron Bugle\Version 1.1\Development\includes\ADOdb\tohtml.inc.php <-- PressPointe.com /var/www/html/bugle/includes/ADOdb tohtml.inc.php
2004.01.22 22:46 A D:\VSS-Working Folder\Akron Bugle\Version 1.1\Development\includes\ADOdb\TUTE.HTM <-- PressPointe.com /var/www/html/bugle/includes/ADOdb TUTE.HTM
