2004.01.22 22:51 A D:\VSS-Working Folder\Akron Bugle\Version 1.1\Development\includes\SmartyTemplate\libs\plugins\block.strip.php <-- PressPointe.com /var/www/html/bugle/includes/SmartyTemplate/libs/plugins block.strip.php
2004.01.22 22:51 A D:\VSS-Working Folder\Akron Bugle\Version 1.1\Development\includes\SmartyTemplate\libs\plugins\block.textformat.php <-- PressPointe.com /var/www/html/bugle/includes/SmartyTemplate/libs/plugins block.textformat.php
2004.01.22 22:51 A D:\VSS-Working Folder\Akron Bugle\Version 1.1\Development\includes\SmartyTemplate\libs\plugins\function.assign.php <-- PressPointe.com /var/www/html/bugle/includes/SmartyTemplate/libs/plugins function.assign.php
2004.01.22 22:51 A D:\VSS-Working Folder\Akron Bugle\Version 1.1\Development\includes\SmartyTemplate\libs\plugins\function.assign_debug_info.php <-- PressPointe.com /var/www/html/bugle/includes/SmartyTemplate/libs/plugins function.assign_debug_info.php
2004.01.22 22:51 A D:\VSS-Working Folder\Akron Bugle\Version 1.1\Development\includes\SmartyTemplate\libs\plugins\function.config_load.php <-- PressPointe.com /var/www/html/bugle/includes/SmartyTemplate/libs/plugins function.config_load.php
2004.01.22 22:51 A D:\VSS-Working Folder\Akron Bugle\Version 1.1\Development\includes\SmartyTemplate\libs\plugins\function.counter.php <-- PressPointe.com /var/www/html/bugle/includes/SmartyTemplate/libs/plugins function.counter.php
2004.01.22 22:51 A D:\VSS-Working Folder\Akron Bugle\Version 1.1\Development\includes\SmartyTemplate\libs\plugins\function.cycle.php <-- PressPointe.com /var/www/html/bugle/includes/SmartyTemplate/libs/plugins function.cycle.php
2004.01.22 22:51 A D:\VSS-Working Folder\Akron Bugle\Version 1.1\Development\includes\SmartyTemplate\libs\plugins\function.debug.php <-- PressPointe.com /var/www/html/bugle/includes/SmartyTemplate/libs/plugins function.debug.php
2004.01.22 22:51 A D:\VSS-Working Folder\Akron Bugle\Version 1.1\Development\includes\SmartyTemplate\libs\plugins\function.eval.php <-- PressPointe.com /var/www/html/bugle/includes/SmartyTemplate/libs/plugins function.eval.php
2004.01.22 22:51 A D:\VSS-Working Folder\Akron Bugle\Version 1.1\Development\includes\SmartyTemplate\libs\plugins\function.fetch.php <-- PressPointe.com /var/www/html/bugle/includes/SmartyTemplate/libs/plugins function.fetch.php
2004.01.22 22:51 A D:\VSS-Working Folder\Akron Bugle\Version 1.1\Development\includes\SmartyTemplate\libs\plugins\function.html_checkboxes.php <-- PressPointe.com /var/www/html/bugle/includes/SmartyTemplate/libs/plugins function.html_checkboxes.php
2004.01.22 22:51 A D:\VSS-Working Folder\Akron Bugle\Version 1.1\Development\includes\SmartyTemplate\libs\plugins\function.html_image.php <-- PressPointe.com /var/www/html/bugle/includes/SmartyTemplate/libs/plugins function.html_image.php
2004.01.22 22:51 A D:\VSS-Working Folder\Akron Bugle\Version 1.1\Development\includes\SmartyTemplate\libs\plugins\function.html_options.php <-- PressPointe.com /var/www/html/bugle/includes/SmartyTemplate/libs/plugins function.html_options.php
2004.01.22 22:51 A D:\VSS-Working Folder\Akron Bugle\Version 1.1\Development\includes\SmartyTemplate\libs\plugins\function.html_radios.php <-- PressPointe.com /var/www/html/bugle/includes/SmartyTemplate/libs/plugins function.html_radios.php
2004.01.22 22:51 A D:\VSS-Working Folder\Akron Bugle\Version 1.1\Development\includes\SmartyTemplate\libs\plugins\function.html_select_date.php <-- PressPointe.com /var/www/html/bugle/includes/SmartyTemplate/libs/plugins function.html_select_date.php
2004.01.22 22:51 A D:\VSS-Working Folder\Akron Bugle\Version 1.1\Development\includes\SmartyTemplate\libs\plugins\function.html_select_time.php <-- PressPointe.com /var/www/html/bugle/includes/SmartyTemplate/libs/plugins function.html_select_time.php
2004.01.22 22:51 A D:\VSS-Working Folder\Akron Bugle\Version 1.1\Development\includes\SmartyTemplate\libs\plugins\function.html_table.php <-- PressPointe.com /var/www/html/bugle/includes/SmartyTemplate/libs/plugins function.html_table.php
2004.01.22 22:51 A D:\VSS-Working Folder\Akron Bugle\Version 1.1\Development\includes\SmartyTemplate\libs\plugins\function.mailto.php <-- PressPointe.com /var/www/html/bugle/includes/SmartyTemplate/libs/plugins function.mailto.php
2004.01.22 22:52 A D:\VSS-Working Folder\Akron Bugle\Version 1.1\Development\includes\SmartyTemplate\libs\plugins\function.math.php <-- PressPointe.com /var/www/html/bugle/includes/SmartyTemplate/libs/plugins function.math.php
2004.01.22 22:52 A D:\VSS-Working Folder\Akron Bugle\Version 1.1\Development\includes\SmartyTemplate\libs\plugins\function.popup.php <-- PressPointe.com /var/www/html/bugle/includes/SmartyTemplate/libs/plugins function.popup.php
2004.01.22 22:52 A D:\VSS-Working Folder\Akron Bugle\Version 1.1\Development\includes\SmartyTemplate\libs\plugins\function.popup_init.php <-- PressPointe.com /var/www/html/bugle/includes/SmartyTemplate/libs/plugins function.popup_init.php
2004.01.22 22:52 A D:\VSS-Working Folder\Akron Bugle\Version 1.1\Development\includes\SmartyTemplate\libs\plugins\modifier.capitalize.php <-- PressPointe.com /var/www/html/bugle/includes/SmartyTemplate/libs/plugins modifier.capitalize.php
2004.01.22 22:52 A D:\VSS-Working Folder\Akron Bugle\Version 1.1\Development\includes\SmartyTemplate\libs\plugins\modifier.cat.php <-- PressPointe.com /var/www/html/bugle/includes/SmartyTemplate/libs/plugins modifier.cat.php
2004.01.22 22:52 A D:\VSS-Working Folder\Akron Bugle\Version 1.1\Development\includes\SmartyTemplate\libs\plugins\modifier.count_characters.php <-- PressPointe.com /var/www/html/bugle/includes/SmartyTemplate/libs/plugins modifier.count_characters.php
2004.01.22 22:52 A D:\VSS-Working Folder\Akron Bugle\Version 1.1\Development\includes\SmartyTemplate\libs\plugins\modifier.count_paragraphs.php <-- PressPointe.com /var/www/html/bugle/includes/SmartyTemplate/libs/plugins modifier.count_paragraphs.php
2004.01.22 22:52 A D:\VSS-Working Folder\Akron Bugle\Version 1.1\Development\includes\SmartyTemplate\libs\plugins\modifier.count_sentences.php <-- PressPointe.com /var/www/html/bugle/includes/SmartyTemplate/libs/plugins modifier.count_sentences.php
2004.01.22 22:52 A D:\VSS-Working Folder\Akron Bugle\Version 1.1\Development\includes\SmartyTemplate\libs\plugins\modifier.count_words.php <-- PressPointe.com /var/www/html/bugle/includes/SmartyTemplate/libs/plugins modifier.count_words.php
2004.01.22 22:52 A D:\VSS-Working Folder\Akron Bugle\Version 1.1\Development\includes\SmartyTemplate\libs\plugins\modifier.date_format.php <-- PressPointe.com /var/www/html/bugle/includes/SmartyTemplate/libs/plugins modifier.date_format.php
2004.01.22 22:52 A D:\VSS-Working Folder\Akron Bugle\Version 1.1\Development\includes\SmartyTemplate\libs\plugins\modifier.debug_print_var.php <-- PressPointe.com /var/www/html/bugle/includes/SmartyTemplate/libs/plugins modifier.debug_print_var.php
2004.01.22 22:52 A D:\VSS-Working Folder\Akron Bugle\Version 1.1\Development\includes\SmartyTemplate\libs\plugins\modifier.default.php <-- PressPointe.com /var/www/html/bugle/includes/SmartyTemplate/libs/plugins modifier.default.php
2004.01.22 22:52 A D:\VSS-Working Folder\Akron Bugle\Version 1.1\Development\includes\SmartyTemplate\libs\plugins\modifier.escape.php <-- PressPointe.com /var/www/html/bugle/includes/SmartyTemplate/libs/plugins modifier.escape.php
2004.01.22 22:52 A D:\VSS-Working Folder\Akron Bugle\Version 1.1\Development\includes\SmartyTemplate\libs\plugins\modifier.indent.php <-- PressPointe.com /var/www/html/bugle/includes/SmartyTemplate/libs/plugins modifier.indent.php
2004.01.22 22:52 A D:\VSS-Working Folder\Akron Bugle\Version 1.1\Development\includes\SmartyTemplate\libs\plugins\modifier.lower.php <-- PressPointe.com /var/www/html/bugle/includes/SmartyTemplate/libs/plugins modifier.lower.php
2004.01.22 22:52 A D:\VSS-Working Folder\Akron Bugle\Version 1.1\Development\includes\SmartyTemplate\libs\plugins\modifier.nl2br.php <-- PressPointe.com /var/www/html/bugle/includes/SmartyTemplate/libs/plugins modifier.nl2br.php
2004.01.22 22:52 A D:\VSS-Working Folder\Akron Bugle\Version 1.1\Development\includes\SmartyTemplate\libs\plugins\modifier.regex_replace.php <-- PressPointe.com /var/www/html/bugle/includes/SmartyTemplate/libs/plugins modifier.regex_replace.php
2004.01.22 22:52 A D:\VSS-Working Folder\Akron Bugle\Version 1.1\Development\includes\SmartyTemplate\libs\plugins\modifier.replace.php <-- PressPointe.com /var/www/html/bugle/includes/SmartyTemplate/libs/plugins modifier.replace.php
2004.01.22 22:52 A D:\VSS-Working Folder\Akron Bugle\Version 1.1\Development\includes\SmartyTemplate\libs\plugins\modifier.spacify.php <-- PressPointe.com /var/www/html/bugle/includes/SmartyTemplate/libs/plugins modifier.spacify.php
2004.01.22 22:52 A D:\VSS-Working Folder\Akron Bugle\Version 1.1\Development\includes\SmartyTemplate\libs\plugins\modifier.string_format.php <-- PressPointe.com /var/www/html/bugle/includes/SmartyTemplate/libs/plugins modifier.string_format.php
2004.01.22 22:52 A D:\VSS-Working Folder\Akron Bugle\Version 1.1\Development\includes\SmartyTemplate\libs\plugins\modifier.strip.php <-- PressPointe.com /var/www/html/bugle/includes/SmartyTemplate/libs/plugins modifier.strip.php
2004.01.22 22:52 A D:\VSS-Working Folder\Akron Bugle\Version 1.1\Development\includes\SmartyTemplate\libs\plugins\modifier.strip_tags.php <-- PressPointe.com /var/www/html/bugle/includes/SmartyTemplate/libs/plugins modifier.strip_tags.php
2004.01.22 22:52 A D:\VSS-Working Folder\Akron Bugle\Version 1.1\Development\includes\SmartyTemplate\libs\plugins\modifier.truncate.php <-- PressPointe.com /var/www/html/bugle/includes/SmartyTemplate/libs/plugins modifier.truncate.php
2004.01.22 22:52 A D:\VSS-Working Folder\Akron Bugle\Version 1.1\Development\includes\SmartyTemplate\libs\plugins\modifier.upper.php <-- PressPointe.com /var/www/html/bugle/includes/SmartyTemplate/libs/plugins modifier.upper.php
2004.01.22 22:52 A D:\VSS-Working Folder\Akron Bugle\Version 1.1\Development\includes\SmartyTemplate\libs\plugins\modifier.wordwrap.php <-- PressPointe.com /var/www/html/bugle/includes/SmartyTemplate/libs/plugins modifier.wordwrap.php
2004.01.22 22:52 A D:\VSS-Working Folder\Akron Bugle\Version 1.1\Development\includes\SmartyTemplate\libs\plugins\outputfilter.trimwhitespace.php <-- PressPointe.com /var/www/html/bugle/includes/SmartyTemplate/libs/plugins outputfilter.trimwhitespace.php
2004.01.22 22:52 A D:\VSS-Working Folder\Akron Bugle\Version 1.1\Development\includes\SmartyTemplate\libs\plugins\shared.escape_special_chars.php <-- PressPointe.com /var/www/html/bugle/includes/SmartyTemplate/libs/plugins shared.escape_special_chars.php
2004.01.22 22:52 A D:\VSS-Working Folder\Akron Bugle\Version 1.1\Development\includes\SmartyTemplate\libs\plugins\shared.make_timestamp.php <-- PressPointe.com /var/www/html/bugle/includes/SmartyTemplate/libs/plugins shared.make_timestamp.php
